This is pdfTeX, Version 3.14159-1.10b (Web2C 7.4.5) (format=pdflatex 2006.1.9)  15 NOV 2011 15:45
**LMBeamerClassExample.tex
(./LMBeamerClassExample.tex{/home/caar/texmf/pdftex/config/pdftex.cfg}
LaTeX2e <2001/06/01>
Babel <v3.7h> and hyphenation patterns for american, french, german, ngerman, n
ohyphenation, loaded.
(/home/caar/texmf/tex/latex/beamer/base/beamer.cls
(/home/caar/texmf/tex/latex/beamer/base/beamerbasercs.sty
Package: beamerbasercs 2010/06/12 (rcs-revision c3821710bb40)
)
Document Class: beamer 2010/06/21 development version 3.10 A class for typesett
ing presentations (rcs-revision a6b1a8434d30)
(/home/caar/texmf/tex/latex/beamer/base/beamerbasemodes.sty
Package: beamerbasemodes 2010/05/01 (rcs-revision efa082c6111d)
\beamer@tempbox=\box26
\beamer@tempcount=\count79
\c@beamerpauses=\count80

(/home/caar/texmf/tex/latex/beamer/base/beamerbasedecode.sty
Package: beamerbasedecode 2010/05/01 (rcs-revision efa082c6111d)
\beamer@slideinframe=\count81
\beamer@minimum=\count82
)
\beamer@commentbox=\box27
\beamer@modecount=\count83
)
\headheight=\dimen102
\headdp=\dimen103
\footheight=\dimen104
\sidebarheight=\dimen105
\beamer@tempdim=\dimen106
\beamer@finalheight=\dimen107
\beamer@animht=\dimen108
\beamer@animdp=\dimen109
\beamer@animwd=\dimen110
\beamer@leftmargin=\dimen111
\beamer@rightmargin=\dimen112
\beamer@leftsidebar=\dimen113
\beamer@rightsidebar=\dimen114
\beamer@boxsize=\dimen115
\beamer@vboxoffset=\dimen116
\beamer@descdefault=\dimen117
\beamer@descriptionwidth=\dimen118
\beamer@lastskip=\skip41
\beamer@areabox=\box28
\beamer@animcurrent=\box29
\beamer@animshowbox=\box30
\beamer@sectionbox=\box31
\beamer@logobox=\box32
\beamer@linebox=\box33
\beamer@sectioncount=\count84
\beamer@subsubsectionmax=\count85
\beamer@subsectionmax=\count86
\beamer@sectionmax=\count87
\beamer@totalheads=\count88
\beamer@headcounter=\count89
\beamer@partstartpage=\count90
\beamer@sectionstartpage=\count91
\beamer@subsectionstartpage=\count92
\beamer@animationtempa=\count93
\beamer@animationtempb=\count94
\beamer@xpos=\count95
\beamer@ypos=\count96
\beamer@showpartnumber=\count97
\beamer@currentsubsection=\count98
\beamer@coveringdepth=\count99
\beamer@sectionadjust=\count100
\beamer@tocsectionnumber=\count101

(/home/caar/texmf/tex/latex/beamer/base/beamerbaseoptions.sty
Package: beamerbaseoptions 2010/04/27 (rcs-revision 982469101dd6)

(/home/caar/texmf/tex/latex/graphics/keyval.sty
Package: keyval 1999/03/16 v1.13 key=value parser (DPC)
\KV@toks@=\toks14
))
\beamer@paperwidth=\skip42
\beamer@paperheight=\skip43

(/home/caar/texmf/tex/latex/geometry/geometry.sty
Package: geometry 2010/09/12 v5.6 Page Geometry

(/usr/share/texmf/tex/latex/oberdiek/ifpdf.sty
Package: ifpdf 2001/06/14 v1.0 Providing \ifpdf (HO)
Package ifpdf Info: pdfTeX in pdf mode detected on input line 140.
)
(/usr/share/texmf/tex/latex/oberdiek/ifvtex.sty
Package: ifvtex 2001/06/14 v1.0 *TEST* Providing \ifvtex switches (HO)
Package ifvtex Info: VTeX not detected.
)
(/home/caar/texmf/tex/latex/ifxetex.sty
Package: ifxetex 2010/09/12 v0.6 Provides ifxetex conditional
)
\Gm@cnth=\count102
\Gm@cntv=\count103
\c@Gm@tempcnt=\count104
\Gm@bindingoffset=\dimen119
\Gm@wd@mp=\dimen120
\Gm@odd@mp=\dimen121
\Gm@even@mp=\dimen122
\Gm@layoutwidth=\dimen123
\Gm@layoutheight=\dimen124
\Gm@layouthoffset=\dimen125
\Gm@layoutvoffset=\dimen126
\Gm@dimlist=\toks15

(/home/caar/texmf/tex/latex/geometry/geometry.cfg))
(/home/caar/texmf/tex/latex/base/size11.clo
File: size11.clo 2007/10/19 v1.4h Standard LaTeX file (size option)
)
(/home/caar/texmf/tex/latex/pgf/basiclayer/pgfcore.sty
(/home/caar/texmf/tex/latex/graphics/graphicx.sty
Package: graphicx 1999/02/16 v1.0f Enhanced LaTeX Graphics (DPC,SPQR)

(/home/caar/texmf/tex/latex/graphics/graphics.sty
Package: graphics 2009/02/05 v1.0o Standard LaTeX Graphics (DPC,SPQR)

(/home/caar/texmf/tex/latex/graphics/trig.sty
Package: trig 1999/03/16 v1.09 sin cos tan (DPC)
)
(/home/caar/texmf/tex/latex/00miktex/graphics.cfg
File: graphics.cfg 2007/01/18 v1.5 graphics configuration of teTeX/TeXLive
)
Package graphics Info: Driver file: pdftex.def on input line 91.

(/home/caar/texmf/tex/latex/pdftex-def/pdftex.def
File: pdftex.def 2011/01/28 v0.05d Graphics/color for pdfTeX
\Gread@gobject=\count105
))
\Gin@req@height=\dimen127
\Gin@req@width=\dimen128
)
(/home/caar/texmf/tex/latex/pgf/systemlayer/pgfsys.sty
(/home/caar/texmf/tex/latex/pgf/utilities/pgfrcs.sty
(/home/caar/texmf/tex/generic/pgf/utilities/pgfutil-common.tex
\pgfutil@everybye=\toks16
)
(/home/caar/texmf/tex/generic/pgf/utilities/pgfutil-latex.def
\pgfutil@abb=\box34

(/home/caar/texmf/tex/latex/ms/everyshi.sty
Package: everyshi 2001/05/15 v3.00 EveryShipout Package (MS)
))
(/home/caar/texmf/tex/generic/pgf/utilities/pgfrcs.code.tex
Package: pgfrcs 2010/10/25 v2.10 (rcs-revision 1.24)
))
(/home/caar/texmf/tex/generic/pgf/systemlayer/pgfsys.code.tex
Package: pgfsys 2010/06/30 v2.10 (rcs-revision 1.37)

(/home/caar/texmf/tex/generic/pgf/utilities/pgfkeys.code.tex
\pgfkeys@pathtoks=\toks17
\pgfkeys@temptoks=\toks18

(/home/caar/texmf/tex/generic/pgf/utilities/pgfkeysfiltered.code.tex
\pgfkeys@tmptoks=\toks19
))
\pgf@x=\dimen129
\pgf@y=\dimen130
\pgf@xa=\dimen131
\pgf@ya=\dimen132
\pgf@xb=\dimen133
\pgf@yb=\dimen134
\pgf@xc=\dimen135
\pgf@yc=\dimen136
\w@pgf@writea=\write3
\r@pgf@reada=\read1
\c@pgf@counta=\count106
\c@pgf@countb=\count107
\c@pgf@countc=\count108
\c@pgf@countd=\count109

(/home/caar/texmf/tex/generic/pgf/systemlayer/pgf.cfg
File: pgf.cfg 2008/05/14  (rcs-revision 1.7)
)
Package pgfsys Info: Driver file for pgf: pgfsys-pdftex.def on input line 900.

(/home/caar/texmf/tex/generic/pgf/systemlayer/pgfsys-pdftex.def
File: pgfsys-pdftex.def 2009/05/22  (rcs-revision 1.26)

(/home/caar/texmf/tex/generic/pgf/systemlayer/pgfsys-common-pdf.def
File: pgfsys-common-pdf.def 2008/05/19  (rcs-revision 1.10)
)))
(/home/caar/texmf/tex/generic/pgf/systemlayer/pgfsyssoftpath.code.tex
File: pgfsyssoftpath.code.tex 2008/07/18  (rcs-revision 1.7)
\pgfsyssoftpath@smallbuffer@items=\count110
\pgfsyssoftpath@bigbuffer@items=\count111
)
(/home/caar/texmf/tex/generic/pgf/systemlayer/pgfsysprotocol.code.tex
File: pgfsysprotocol.code.tex 2006/10/16  (rcs-revision 1.4)
))
(/home/caar/texmf/tex/latex/xcolor/xcolor.sty
Package: xcolor 2007/01/21 v2.11 LaTeX color extensions (UK)

(/home/caar/texmf/tex/latex/00miktex/color.cfg
File: color.cfg 2007/01/18 v1.5 color configuration of teTeX/TeXLive
)
Package xcolor Info: Driver file: pdftex.def on input line 225.

(/home/caar/texmf/tex/latex/colortbl/colortbl.sty
Package: colortbl 2001/02/13 v0.1j Color table columns (DPC)

(/home/caar/texmf/tex/latex/tools/array.sty
Package: array 2008/09/09 v2.4c Tabular extension package (FMi)
\col@sep=\dimen137
\extrarowheight=\dimen138
\NC@list=\toks20
\extratabsurround=\skip44
\backup@length=\skip45
)
\everycr=\toks21
\minrowclearance=\skip46
)
\rownum=\count112
Package xcolor Info: Model `cmy' substituted by `cmy0' on input line 1337.
Package xcolor Info: Model `hsb' substituted by `rgb' on input line 1341.
Package xcolor Info: Model `RGB' extended on input line 1353.
Package xcolor Info: Model `HTML' substituted by `rgb' on input line 1355.
Package xcolor Info: Model `Hsb' substituted by `hsb' on input line 1356.
Package xcolor Info: Model `tHsb' substituted by `hsb' on input line 1357.
Package xcolor Info: Model `HSB' substituted by `hsb' on input line 1358.
Package xcolor Info: Model `Gray' substituted by `gray' on input line 1359.
Package xcolor Info: Model `wave' substituted by `hsb' on input line 1360.
)
(/home/caar/texmf/tex/generic/pgf/basiclayer/pgfcore.code.tex
Package: pgfcore 2010/04/11 v2.10 (rcs-revision 1.7)

(/home/caar/texmf/tex/generic/pgf/math/pgfmath.code.tex
(/home/caar/texmf/tex/generic/pgf/math/pgfmathcalc.code.tex
(/home/caar/texmf/tex/generic/pgf/math/pgfmathutil.code.tex)
(/home/caar/texmf/tex/generic/pgf/math/pgfmathparser.code.tex
\pgfmath@dimen=\dimen139
\pgfmath@count=\count113
\pgfmath@box=\box35
\pgfmath@toks=\toks22
\pgfmath@stack@operand=\toks23
\pgfmath@stack@operation=\toks24
)
(/home/caar/texmf/tex/generic/pgf/math/pgfmathfunctions.code.tex
(/home/caar/texmf/tex/generic/pgf/math/pgfmathfunctions.basic.code.tex)
(/home/caar/texmf/tex/generic/pgf/math/pgfmathfunctions.trigonometric.code.tex)
(/home/caar/texmf/tex/generic/pgf/math/pgfmathfunctions.random.code.tex)
(/home/caar/texmf/tex/generic/pgf/math/pgfmathfunctions.comparison.code.tex)
(/home/caar/texmf/tex/generic/pgf/math/pgfmathfunctions.base.code.tex)
(/home/caar/texmf/tex/generic/pgf/math/pgfmathfunctions.round.code.tex)
(/home/caar/texmf/tex/generic/pgf/math/pgfmathfunctions.misc.code.tex)))
(/home/caar/texmf/tex/generic/pgf/math/pgfmathfloat.code.tex
\c@pgfmathroundto@lastzeros=\count114
))
(/home/caar/texmf/tex/generic/pgf/basiclayer/pgfcorepoints.code.tex
File: pgfcorepoints.code.tex 2010/04/09  (rcs-revision 1.20)
\pgf@picminx=\dimen140
\pgf@picmaxx=\dimen141
\pgf@picminy=\dimen142
\pgf@picmaxy=\dimen143
\pgf@pathminx=\dimen144
\pgf@pathmaxx=\dimen145
\pgf@pathminy=\dimen146
\pgf@pathmaxy=\dimen147
\pgf@xx=\dimen148
\pgf@xy=\dimen149
\pgf@yx=\dimen150
\pgf@yy=\dimen151
\pgf@zx=\dimen152
\pgf@zy=\dimen153
)
(/home/caar/texmf/tex/generic/pgf/basiclayer/pgfcorepathconstruct.code.tex
File: pgfcorepathconstruct.code.tex 2010/08/03  (rcs-revision 1.24)
\pgf@path@lastx=\dimen154
\pgf@path@lasty=\dimen155
)
(/home/caar/texmf/tex/generic/pgf/basiclayer/pgfcorepathusage.code.tex
File: pgfcorepathusage.code.tex 2008/04/22  (rcs-revision 1.12)
\pgf@shorten@end@additional=\dimen156
\pgf@shorten@start@additional=\dimen157
)
(/home/caar/texmf/tex/generic/pgf/basiclayer/pgfcorescopes.code.tex
File: pgfcorescopes.code.tex 2010/09/08  (rcs-revision 1.34)
\pgfpic=\box36
\pgf@hbox=\box37
\pgf@layerbox@main=\box38
\pgf@picture@serial@count=\count115
)
(/home/caar/texmf/tex/generic/pgf/basiclayer/pgfcoregraphicstate.code.tex
File: pgfcoregraphicstate.code.tex 2008/04/22  (rcs-revision 1.9)
\pgflinewidth=\dimen158
)
(/home/caar/texmf/tex/generic/pgf/basiclayer/pgfcoretransformations.code.tex
File: pgfcoretransformations.code.tex 2009/06/10  (rcs-revision 1.11)
\pgf@pt@x=\dimen159
\pgf@pt@y=\dimen160
\pgf@pt@temp=\dimen161
)
(/home/caar/texmf/tex/generic/pgf/basiclayer/pgfcorequick.code.tex
File: pgfcorequick.code.tex 2008/10/09  (rcs-revision 1.3)
)
(/home/caar/texmf/tex/generic/pgf/basiclayer/pgfcoreobjects.code.tex
File: pgfcoreobjects.code.tex 2006/10/11  (rcs-revision 1.2)
)
(/home/caar/texmf/tex/generic/pgf/basiclayer/pgfcorepathprocessing.code.tex
File: pgfcorepathprocessing.code.tex 2008/10/09  (rcs-revision 1.8)
)
(/home/caar/texmf/tex/generic/pgf/basiclayer/pgfcorearrows.code.tex
File: pgfcorearrows.code.tex 2008/04/23  (rcs-revision 1.11)
)
(/home/caar/texmf/tex/generic/pgf/basiclayer/pgfcoreshade.code.tex
File: pgfcoreshade.code.tex 2008/11/23  (rcs-revision 1.13)
\pgf@max=\dimen162
\pgf@sys@shading@range@num=\count116
)
(/home/caar/texmf/tex/generic/pgf/basiclayer/pgfcoreimage.code.tex
File: pgfcoreimage.code.tex 2010/03/25  (rcs-revision 1.16)

(/home/caar/texmf/tex/generic/pgf/basiclayer/pgfcoreexternal.code.tex
File: pgfcoreexternal.code.tex 2010/09/01  (rcs-revision 1.17)
\pgfexternal@startupbox=\box39
))
(/home/caar/texmf/tex/generic/pgf/basiclayer/pgfcorelayers.code.tex
File: pgfcorelayers.code.tex 2010/08/27  (rcs-revision 1.2)
)
(/home/caar/texmf/tex/generic/pgf/basiclayer/pgfcoretransparency.code.tex
File: pgfcoretransparency.code.tex 2008/01/17  (rcs-revision 1.2)
)
(/home/caar/texmf/tex/generic/pgf/basiclayer/pgfcorepatterns.code.tex
File: pgfcorepatterns.code.tex 2009/07/02  (rcs-revision 1.3)
)))
(/home/caar/texmf/tex/latex/pgf/utilities/xxcolor.sty
Package: xxcolor 2003/10/24 ver 0.1
\XC@nummixins=\count117
\XC@countmixins=\count118
)
(/home/caar/texmf/tex/latex/hyperref/hyperref.sty
Package: hyperref 2010/12/16 v6.81z Hypertext links for LaTeX

(/home/caar/texmf/tex/generic/oberdiek/ltxcmds.sty
Package: ltxcmds 2011/04/18 v1.20 LaTeX kernel commands for general use (HO)
)

LaTeX Warning: You have requested, on input line 120, version
               `2006/02/20' of package ifpdf,
               but only version
               `2001/06/14 v1.0 Providing \ifpdf (HO)'
               is available.

(/home/caar/texmf/tex/generic/oberdiek/pdftexcmds.sty
Package: pdftexcmds 2011/04/22 v0.16 Utilities of pdfTeX for LuaTeX (HO)

(/home/caar/texmf/tex/generic/oberdiek/infwarerr.sty
Package: infwarerr 2010/04/08 v1.3 Providing info/warning/message (HO)
)
(/home/caar/texmf/tex/generic/oberdiek/ifluatex.sty
Package: ifluatex 2010/03/01 v1.3 Provides the ifluatex switch (HO)
Package ifluatex Info: LuaTeX not detected.
)

LaTeX Warning: You have requested, on input line 187, version
               `2010/09/13' of package ifpdf,
               but only version
               `2001/06/14 v1.0 Providing \ifpdf (HO)'
               is available.

Package pdftexcmds Info: LuaTeX not detected.
Package pdftexcmds Info: pdfTeX >= 1.30 not detected.
Package pdftexcmds Info: \pdf@primitive is not available.
Package pdftexcmds Info: \pdf@ifprimitive is not available.
Package pdftexcmds Info: \pdfdraftmode not found.
) (/home/caar/texmf/tex/generic/oberdiek/kvsetkeys.sty
Package: kvsetkeys 2011/04/07 v1.13 Key value parser (HO)

(/home/caar/texmf/tex/generic/oberdiek/etexcmds.sty
Package: etexcmds 2011/02/16 v1.5 Prefix for e-TeX command names (HO)
Package etexcmds Info: Could not find \unexpanded.
(etexcmds)             That can mean that you are not using e-TeX or
(etexcmds)             that some package has redefined \unexpanded.
(etexcmds)             In the latter case, load this package earlier.
Package etexcmds Info: Could not find \expanded.
(etexcmds)             That can mean that you are not using pdfTeX 1.50 or
(etexcmds)             that some package has redefined \expanded.
(etexcmds)             In the latter case, load this package earlier.
))
(/home/caar/texmf/tex/generic/oberdiek/pdfescape.sty
Package: pdfescape 2011/04/04 v1.12 Provides string conversions (HO)
)
(/home/caar/texmf/tex/latex/oberdiek/hycolor.sty
Package: hycolor 2009/12/12 v1.6 Color options of hyperref/bookmark (HO)

(/home/caar/texmf/tex/latex/oberdiek/xcolor-patch.sty
Package: xcolor-patch 2009/12/12 xcolor patch
))
(/home/caar/texmf/tex/latex/oberdiek/letltxmacro.sty
Package: letltxmacro 2008/06/24 v1.3 Let assignment for LaTeX macros (HO)
)
(/home/caar/texmf/tex/latex/oberdiek/kvoptions.sty
Package: kvoptions 2010/02/22 v3.7 Keyval support for LaTeX options (HO)
)
\@linkdim=\dimen163
\Hy@linkcounter=\count119
\Hy@pagecounter=\count120

(/home/caar/texmf/tex/latex/hyperref/pd1enc.def
File: pd1enc.def 2010/12/16 v6.81z Hyperref: PDFDocEncoding definition (HO)
)
(/home/caar/texmf/tex/generic/oberdiek/intcalc.sty
Package: intcalc 2007/09/27 v1.1 Expandable integer calculations (HO)
)
\Hy@SavedSpaceFactor=\count121

(/home/caar/texmf/tex/latex/00miktex/hyperref.cfg
File: hyperref.cfg 2002/06/06 v1.2 hyperref configuration of TeXLive
)
Package hyperref Info: Option `bookmarks' set `true' on input line 3889.
Package hyperref Info: Option `bookmarksopen' set `true' on input line 3889.
Package hyperref Info: Option `implicit' set `false' on input line 3889.
Package hyperref Info: Hyper figures OFF on input line 3993.
Package hyperref Info: Link nesting OFF on input line 3998.
Package hyperref Info: Hyper index ON on input line 4001.
Package hyperref Info: Plain pages OFF on input line 4008.
Package hyperref Info: Backreferencing OFF on input line 4013.
Package hyperref Info: Implicit mode OFF; no redefinition of LaTeX internals.
Package hyperref Info: Bookmarks ON on input line 4231.
\c@Hy@tempcnt=\count122

(/home/caar/texmf/tex/latex/ltxmisc/url.sty
\Urlmuskip=\muskip10
Package: url 2006/04/12  ver 3.3  Verb mode for urls, etc.
)
LaTeX Info: Redefining \url on input line 4584.

(/home/caar/texmf/tex/generic/oberdiek/bitset.sty
Package: bitset 2011/01/30 v1.1 Data type bit set (HO)

(/home/caar/texmf/tex/generic/oberdiek/bigintcalc.sty
Package: bigintcalc 2011/01/30 v1.2 Expandable big integer calculations (HO)
))
\Fld@menulength=\count123
\Field@Width=\dimen164
\Fld@charsize=\dimen165
Package hyperref Info: Hyper figures OFF on input line 5668.
Package hyperref Info: Link nesting OFF on input line 5673.
Package hyperref Info: Hyper index ON on input line 5676.
Package hyperref Info: backreferencing OFF on input line 5683.
Package hyperref Info: Link coloring OFF on input line 5688.
Package hyperref Info: Link coloring with OCG OFF on input line 5693.
Package hyperref Info: PDF/A mode OFF on input line 5698.
LaTeX Info: Redefining \ref on input line 5738.
LaTeX Info: Redefining \pageref on input line 5742.

(/home/caar/texmf/tex/generic/oberdiek/atbegshi.sty
Package: atbegshi 2011/01/30 v1.15 At begin shipout hook (HO)
)
\Hy@abspage=\count124


Package hyperref Message: Stopped early.

)

Package hyperref Message: Driver (autodetected): hpdftex.

(/home/caar/texmf/tex/latex/hyperref/hpdftex.def
File: hpdftex.def 2010/12/16 v6.81z Hyperref driver for pdfTeX

(/home/caar/texmf/tex/latex/oberdiek/atveryend.sty
Package: atveryend 2010/03/24 v1.5 Hooks at very end of document (HO)
Package atveryend Info: \enddocument detected (standard).
)
Package hyperref Info: You need pdfTeX 1.40.0 for setting the /Fields entry.
(hyperref)             Adobe Reader/Acrobat accepts an empty /Field array,
(hyperref)             but other PDF viewers might complain on input line 811.
\Fld@listcount=\count125
\c@bookmark@seq@number=\count126

(/home/caar/texmf/tex/latex/oberdiek/rerunfilecheck.sty
Package: rerunfilecheck 2010/03/16 v1.6 Rerun checks for auxiliary files (HO)
Package rerunfilecheck Info: Feature \pdfmdfivesum is not available
(rerunfilecheck)             (e.g. pdfTeX or LuaTeX with package `pdftexcmds').

(rerunfilecheck)             Therefore file contents cannot be checked efficien
tly
(rerunfilecheck)             and the loading of the package is aborted.
))
(/home/caar/texmf/tex/latex/beamer/base/beamerbaserequires.sty
Package: beamerbaserequires 2010/05/01  (rcs-revision efa082c6111d)

(/home/caar/texmf/tex/latex/beamer/base/beamerbasecompatibility.sty
Package: beamerbasecompatibility 2010/07/12  (rcs-revision 6648c3177e4e)
)
(/home/caar/texmf/tex/latex/beamer/base/beamerbasefont.sty
Package: beamerbasefont 2010/05/10  (rcs-revision cd36e8a33c6b)

(/home/caar/texmf/tex/latex/amsfonts/amssymb.sty
Package: amssymb 2009/06/22 v3.00

(/home/caar/texmf/tex/latex/amsfonts/amsfonts.sty
Package: amsfonts 2009/06/22 v3.00 Basic AMSFonts support
\@emptytoks=\toks25
\symAMSa=\mathgroup4
\symAMSb=\mathgroup5
LaTeX Font Info:    Overwriting math alphabet `\mathfrak' in version `bold'
(Font)                  U/euf/m/n --> U/euf/b/n on input line 96.
)))
(/home/caar/texmf/tex/latex/beamer/base/beamerbasetranslator.sty
Package: beamerbasetranslator 2010/06/11  (rcs-revision 85fd1cc7fc42)

(/home/caar/texmf/tex/latex/beamer/base/translator/translator.sty
Package: translator 2010/06/12 ver 1.10

(/home/caar/texmf/tex/latex/beamer/base/translator/translator-language-mappings
.tex))) (/home/caar/texmf/tex/latex/beamer/base/beamerbasemisc.sty
Package: beamerbasemisc 2010/06/06  (rcs-revision bff0a9294b45)
)
(/home/caar/texmf/tex/latex/beamer/base/beamerbasetwoscreens.sty
Package: beamerbasetwoscreens 2010/05/01  (rcs-revision efa082c6111d)
)
(/home/caar/texmf/tex/latex/beamer/base/beamerbaseoverlay.sty
Package: beamerbaseoverlay 2010/05/07  (rcs-revision 5584dad462a9)
\beamer@argscount=\count127
\beamer@lastskipcover=\skip47
\beamer@trivlistdepth=\count128
)
(/home/caar/texmf/tex/latex/beamer/base/beamerbasetitle.sty
Package: beamerbasetitle 2010/06/12  (rcs-revision 717e481ca47a)
)
(/home/caar/texmf/tex/latex/beamer/base/beamerbasesection.sty
Package: beamerbasesection 2010/06/17  (rcs-revision e0d9401bb743)
\c@lecture=\count129
\c@part=\count130
\c@section=\count131
\c@subsection=\count132
\c@subsubsection=\count133
)
(/home/caar/texmf/tex/latex/beamer/base/beamerbaseframe.sty
Package: beamerbaseframe 2010/06/06  (rcs-revision bff0a9294b45)
\beamer@framebox=\box40
\beamer@frametitlebox=\box41
\beamer@zoombox=\box42
\beamer@zoomcount=\count134
\beamer@zoomframecount=\count135
\beamer@frametextheight=\dimen166
\c@subsectionslide=\count136
\beamer@frametopskip=\skip48
\beamer@framebottomskip=\skip49
\beamer@frametopskipautobreak=\skip50
\beamer@framebottomskipautobreak=\skip51
\beamer@envbody=\toks26
\c@framenumber=\count137
)
(/home/caar/texmf/tex/latex/beamer/base/beamerbaseverbatim.sty
Package: beamerbaseverbatim 2010/05/01  (rcs-revision efa082c6111d)
\beamer@verbatimfileout=\write4
)
(/home/caar/texmf/tex/latex/beamer/base/beamerbaseframesize.sty
Package: beamerbaseframesize 2010/06/27  (rcs-revision 6baa2d92e6f1)
\beamer@splitbox=\box43
\beamer@autobreakcount=\count138
\beamer@autobreaklastheight=\dimen167
\beamer@frametitletoks=\toks27
\beamer@framesubtitletoks=\toks28
)
(/home/caar/texmf/tex/latex/beamer/base/beamerbaseframecomponents.sty
Package: beamerbaseframecomponents 2010/07/12  (rcs-revision 09e82992d9b1)
\beamer@footins=\box44
)
(/home/caar/texmf/tex/latex/beamer/base/beamerbasecolor.sty
Package: beamerbasecolor 2010/06/06  (rcs-revision d1a9b48be06d)
)
(/home/caar/texmf/tex/latex/beamer/base/beamerbasenotes.sty
Package: beamerbasenotes 2010/05/01  (rcs-revision efa082c6111d)
\beamer@frameboxcopy=\box45
)
(/home/caar/texmf/tex/latex/beamer/base/beamerbasetoc.sty
Package: beamerbasetoc 2010/06/11  (rcs-revision 242ecaa6783b)
)
(/home/caar/texmf/tex/latex/beamer/base/beamerbasetemplates.sty
Package: beamerbasetemplates 2010/05/01  (rcs-revision efa082c6111d)
\beamer@sbttoks=\toks29

(/home/caar/texmf/tex/latex/beamer/base/beamerbaseauxtemplates.sty
Package: beamerbaseauxtemplates 2010/05/01  (rcs-revision efa082c6111d)

(/home/caar/texmf/tex/latex/beamer/base/beamerbaseboxes.sty
Package: beamerbaseboxes 2010/05/01  (rcs-revision efa082c6111d)
\bmb@box=\box46
\bmb@colorbox=\box47
\bmb@boxshadow=\box48
\bmb@boxshadowball=\box49
\bmb@boxshadowballlarge=\box50
\bmb@temp=\dimen168
\bmb@dima=\dimen169
\bmb@dimb=\dimen170
\bmb@prevheight=\dimen171
)
\beamer@blockheadheight=\dimen172
))
(/home/caar/texmf/tex/latex/beamer/base/beamerbaselocalstructure.sty
Package: beamerbaselocalstructure 2010/06/01  (rcs-revision 81f9e33f7cc2)

(/home/caar/texmf/tex/latex/tools/enumerate.sty
Package: enumerate 1999/03/05 v3.00 enumerate extensions (DPC)
\@enLab=\toks30
)
\c@figure=\count139
\c@table=\count140
\abovecaptionskip=\skip52
\belowcaptionskip=\skip53
)
(/home/caar/texmf/tex/latex/beamer/base/beamerbasenavigation.sty
Package: beamerbasenavigation 2010/05/01  (rcs-revision efa082c6111d)
)
(/home/caar/texmf/tex/latex/beamer/base/beamerbasetheorems.sty
Package: beamerbasetheorems 2010/06/06  (rcs-revision 7e7cc5e53e9d)

(/home/caar/texmf/tex/latex/ams/math/amsmath.sty
Package: amsmath 2000/07/18 v2.13 AMS math features
\@mathmargin=\skip54

For additional information on amsmath, use the `?' option.
(/home/caar/texmf/tex/latex/ams/math/amstext.sty
Package: amstext 2000/06/29 v2.01

(/home/caar/texmf/tex/latex/ams/math/amsgen.sty
File: amsgen.sty 1999/11/30 v2.0
\@emptytoks=\toks31
\ex@=\dimen173
))
(/home/caar/texmf/tex/latex/ams/math/amsbsy.sty
Package: amsbsy 1999/11/29 v1.2d
\pmbraise@=\dimen174
)
(/home/caar/texmf/tex/latex/ams/math/amsopn.sty
Package: amsopn 1999/12/14 v2.01 operator names
)
\inf@bad=\count141
LaTeX Info: Redefining \frac on input line 211.
\uproot@=\count142
\leftroot@=\count143
LaTeX Info: Redefining \overline on input line 307.
\classnum@=\count144
\DOTSCASE@=\count145
LaTeX Info: Redefining \ldots on input line 379.
LaTeX Info: Redefining \dots on input line 382.
LaTeX Info: Redefining \cdots on input line 467.
\Mathstrutbox@=\box51
\strutbox@=\box52
\big@size=\dimen175
LaTeX Font Info:    Redeclaring font encoding OML on input line 567.
LaTeX Font Info:    Redeclaring font encoding OMS on input line 568.
\macc@depth=\count146
\c@MaxMatrixCols=\count147
\dotsspace@=\muskip11
\c@parentequation=\count148
\dspbrk@lvl=\count149
\tag@help=\toks32
\row@=\count150
\column@=\count151
\maxfields@=\count152
\andhelp@=\toks33
\eqnshift@=\dimen176
\alignsep@=\dimen177
\tagshift@=\dimen178
\tagwidth@=\dimen179
\totwidth@=\dimen180
\lineht@=\dimen181
\@envbody=\toks34
\multlinegap=\skip55
\multlinetaggap=\skip56
\mathdisplay@stack=\toks35
LaTeX Info: Redefining \[ on input line 2666.
LaTeX Info: Redefining \] on input line 2667.
)
(/home/caar/texmf/tex/latex/ams/classes/amsthm.sty
Package: amsthm 2004/08/06 v2.20
\thm@style=\toks36
\thm@bodyfont=\toks37
\thm@headfont=\toks38
\thm@notefont=\toks39
\thm@headpunct=\toks40
\thm@preskip=\skip57
\thm@postskip=\skip58
\thm@headsep=\skip59
\dth@everypar=\toks41
)
\c@theorem=\count153
)
(/home/caar/texmf/tex/latex/beamer/base/beamerbasethemes.sty
Package: beamerbasethemes 2010/05/01  (rcs-revision efa082c6111d)
))
(/home/caar/texmf/tex/latex/beamer/base/themes/theme/beamerthemedefault.sty
Package: beamerthemedefault 2010/06/17  (rcs-revision d02a7cf4d8ae)

(/home/caar/texmf/tex/latex/beamer/base/themes/font/beamerfontthemedefault.sty
Package: beamerfontthemedefault 2010/06/17  (rcs-revision d02a7cf4d8ae)
)
(/home/caar/texmf/tex/latex/beamer/base/themes/color/beamercolorthemedefault.st
y
Package: beamercolorthemedefault 2010/06/17  (rcs-revision d02a7cf4d8ae)
)
(/home/caar/texmf/tex/latex/beamer/base/themes/inner/beamerinnerthemedefault.st
y
Package: beamerinnerthemedefault 2010/06/17  (rcs-revision d02a7cf4d8ae)
\beamer@dima=\dimen182
\beamer@dimb=\dimen183
)
(/home/caar/texmf/tex/latex/beamer/base/themes/outer/beamerouterthemedefault.st
y
Package: beamerouterthemedefault 2010/06/17  (rcs-revision d02a7cf4d8ae)
))) (./beamerthemeLM.sty
Package: beamerthemeLM 2011/11/11
 (/home/caar/texmf/tex/latex/pgf/basiclayer/pgf.sty
Package: pgf 2008/01/15 v2.10 (rcs-revision 1.12)

(/home/caar/texmf/tex/generic/pgf/modules/pgfmoduleshapes.code.tex
File: pgfmoduleshapes.code.tex 2010/09/09  (rcs-revision 1.13)
\pgfnodeparttextbox=\box53
)
(/home/caar/texmf/tex/generic/pgf/modules/pgfmoduleplot.code.tex
File: pgfmoduleplot.code.tex 2010/10/22  (rcs-revision 1.8)
)
(/home/caar/texmf/tex/latex/pgf/compatibility/pgfcomp-version-0-65.sty
Package: pgfcomp-version-0-65 2007/07/03 v2.10 (rcs-revision 1.7)
\pgf@nodesepstart=\dimen184
\pgf@nodesepend=\dimen185
)
(/home/caar/texmf/tex/latex/pgf/compatibility/pgfcomp-version-1-18.sty
Package: pgfcomp-version-1-18 2007/07/23 v2.10 (rcs-revision 1.1)
))
(/home/caar/texmf/tex/latex/pgf/frontendlayer/tikz.sty
(/home/caar/texmf/tex/latex/pgf/utilities/pgffor.sty
(/home/caar/texmf/tex/latex/pgf/utilities/pgfkeys.sty
(/home/caar/texmf/tex/generic/pgf/utilities/pgfkeys.code.tex))
(/home/caar/texmf/tex/generic/pgf/utilities/pgffor.code.tex
Package: pgffor 2010/03/23 v2.10 (rcs-revision 1.18)
\pgffor@iter=\dimen186
\pgffor@skip=\dimen187
\pgffor@stack=\toks42
\pgffor@toks=\toks43
))
(/home/caar/texmf/tex/generic/pgf/frontendlayer/tikz/tikz.code.tex
Package: tikz 2010/10/13 v2.10 (rcs-revision 1.76)

(/home/caar/texmf/tex/generic/pgf/libraries/pgflibraryplothandlers.code.tex
File: pgflibraryplothandlers.code.tex 2010/05/31 v2.10 (rcs-revision 1.15)
\pgf@plot@mark@count=\count154
\pgfplotmarksize=\dimen188
)
\tikz@lastx=\dimen189
\tikz@lasty=\dimen190
\tikz@lastxsaved=\dimen191
\tikz@lastysaved=\dimen192
\tikzleveldistance=\dimen193
\tikzsiblingdistance=\dimen194
\tikz@figbox=\box54
\tikz@tempbox=\box55
\tikztreelevel=\count155
\tikznumberofchildren=\count156
\tikznumberofcurrentchild=\count157
\tikz@fig@count=\count158

(/home/caar/texmf/tex/generic/pgf/modules/pgfmodulematrix.code.tex
File: pgfmodulematrix.code.tex 2010/08/24  (rcs-revision 1.4)
\pgfmatrixcurrentrow=\count159
\pgfmatrixcurrentcolumn=\count160
\pgf@matrix@numberofcolumns=\count161
)
\tikz@expandcount=\count162

(/home/caar/texmf/tex/generic/pgf/frontendlayer/tikz/libraries/tikzlibrarytopat
hs.code.tex
File: tikzlibrarytopaths.code.tex 2008/06/17 v2.10 (rcs-revision 1.2)
)))
(/home/caar/texmf/tex/latex/beamer/base/themes/inner/beamerinnerthemerectangles
.sty
Package: beamerinnerthemerectangles 2010/06/17  (rcs-revision d02a7cf4d8ae)
)) (./LMBeamerClassExample.aux)
\openout1 = `LMBeamerClassExample.aux'.

LaTeX Font Info:    Checking defaults for OML/cmm/m/it on input line 28.
LaTeX Font Info:    ... okay on input line 28.
LaTeX Font Info:    Checking defaults for T1/cmr/m/n on input line 28.
LaTeX Font Info:    ... okay on input line 28.
LaTeX Font Info:    Checking defaults for OT1/cmr/m/n on input line 28.
LaTeX Font Info:    ... okay on input line 28.
LaTeX Font Info:    Checking defaults for OMS/cmsy/m/n on input line 28.
LaTeX Font Info:    ... okay on input line 28.
LaTeX Font Info:    Checking defaults for OMX/cmex/m/n on input line 28.
LaTeX Font Info:    ... okay on input line 28.
LaTeX Font Info:    Checking defaults for U/cmr/m/n on input line 28.
LaTeX Font Info:    ... okay on input line 28.
LaTeX Font Info:    Checking defaults for PD1/pdf/m/n on input line 28.
LaTeX Font Info:    ... okay on input line 28.

*geometry* driver: auto-detecting
*geometry* detected driver: pdftex
*geometry* verbose mode - [ preamble ] result:
* driver: pdftex
* paper: custom
* layout: <same size as paper>
* layoutoffset:(h,v)=(0.0pt,0.0pt)
* modes: includehead includefoot 
* h-part:(L,W,R)=(28.45274pt, 307.28987pt, 28.45274pt)
* v-part:(T,H,B)=(0.0pt, 273.14662pt, 0.0pt)
* \paperwidth=364.19536pt
* \paperheight=273.14662pt
* \textwidth=307.28987pt
* \textheight=244.6939pt
* \oddsidemargin=-43.81725pt
* \evensidemargin=-43.81725pt
* \topmargin=-72.26999pt
* \headheight=14.22636pt
* \headsep=0.0pt
* \topskip=11.0pt
* \footskip=14.22636pt
* \marginparwidth=4.0pt
* \marginparsep=10.0pt
* \columnsep=10.0pt
* \skip\footins=10.0pt plus 4.0pt minus 2.0pt
* \hoffset=0.0pt
* \voffset=0.0pt
* \mag=1000
* \@twocolumnfalse
* \@twosidefalse
* \@mparswitchfalse
* \@reversemarginfalse
* (1in=72.27pt=25.4mm, 1cm=28.453pt)

(/home/caar/texmf/pdftex/pdftex-1.40.10/manual/samplepdf/supp-pdf.tex
(/home/caar/texmf/pdftex/pdftex-1.40.10/manual/samplepdf/supp-mis.tex
loading : Context Support Macros / Miscellaneous (2004.10.26)
\protectiondepth=\count163
\scratchcounter=\count164
\scratchtoks=\toks44
\scratchdimen=\dimen195
\scratchskip=\skip60
\scratchmuskip=\muskip12
\scratchbox=\box56
\scratchread=\read2
\scratchwrite=\write5
\zeropoint=\dimen196
\onepoint=\dimen197
\onebasepoint=\dimen198
\minusone=\count165
\thousandpoint=\dimen199
\onerealpoint=\dimen200
\emptytoks=\toks45
\nextbox=\box57
\nextdepth=\dimen201
\everyline=\toks46
\!!counta=\count166
\!!countb=\count167
\recursecounter=\count168
)
loading : Context Support Macros / PDF (2004.03.26)
\nofMPsegments=\count169
\nofMParguments=\count170
\MPscratchCnt=\count171
\MPscratchDim=\dimen202
\MPnumerator=\count172
\everyMPtoPDFconversion=\toks47
) ABD: EveryShipout initializing macros
\AtBeginShipoutBox=\box58
Package hyperref Info: Link coloring OFF on input line 28.

(/home/caar/texmf/tex/latex/hyperref/nameref.sty
Package: nameref 2010/04/30 v2.40 Cross-referencing by name of section

(/home/caar/texmf/tex/latex/oberdiek/refcount.sty
Package: refcount 2008/08/11 v3.1 Data extraction from references (HO)
)
(/home/caar/texmf/tex/generic/oberdiek/gettitlestring.sty
Package: gettitlestring 2010/12/03 v1.4 Cleanup title references (HO)
)
\c@section@level=\count173
)
LaTeX Info: Redefining \ref on input line 28.
LaTeX Info: Redefining \pageref on input line 28.
LaTeX Info: Redefining \nameref on input line 28.

(./LMBeamerClassExample.out) (./LMBeamerClassExample.out)
\@outlinefile=\write6
\openout6 = `LMBeamerClassExample.out'.

LaTeX Font Info:    Overwriting symbol font `operators' in version `normal'
(Font)                  OT1/cmr/m/n --> OT1/cmss/m/n on input line 28.
LaTeX Font Info:    Overwriting symbol font `operators' in version `bold'
(Font)                  OT1/cmr/bx/n --> OT1/cmss/bx/n on input line 28.
\symnumbers=\mathgroup6
\sympureletters=\mathgroup7
LaTeX Font Info:    Overwriting math alphabet `\mathrm' in version `normal'
(Font)                  OT1/cmss/m/n --> OT1/cmr/m/n on input line 28.
LaTeX Font Info:    Redeclaring math alphabet \mathbf on input line 28.
LaTeX Font Info:    Overwriting math alphabet `\mathbf' in version `normal'
(Font)                  OT1/cmr/bx/n --> OT1/cmss/bx/n on input line 28.
LaTeX Font Info:    Overwriting math alphabet `\mathbf' in version `bold'
(Font)                  OT1/cmr/bx/n --> OT1/cmss/bx/n on input line 28.
LaTeX Font Info:    Redeclaring math alphabet \mathsf on input line 28.
LaTeX Font Info:    Overwriting math alphabet `\mathsf' in version `normal'
(Font)                  OT1/cmss/m/n --> OT1/cmss/m/n on input line 28.
LaTeX Font Info:    Overwriting math alphabet `\mathsf' in version `bold'
(Font)                  OT1/cmss/bx/n --> OT1/cmss/m/n on input line 28.
LaTeX Font Info:    Redeclaring math alphabet \mathit on input line 28.
LaTeX Font Info:    Overwriting math alphabet `\mathit' in version `normal'
(Font)                  OT1/cmr/m/it --> OT1/cmss/m/it on input line 28.
LaTeX Font Info:    Overwriting math alphabet `\mathit' in version `bold'
(Font)                  OT1/cmr/bx/it --> OT1/cmss/m/it on input line 28.
LaTeX Font Info:    Redeclaring math alphabet \mathtt on input line 28.
LaTeX Font Info:    Overwriting math alphabet `\mathtt' in version `normal'
(Font)                  OT1/cmtt/m/n --> OT1/cmtt/m/n on input line 28.
LaTeX Font Info:    Overwriting math alphabet `\mathtt' in version `bold'
(Font)                  OT1/cmtt/m/n --> OT1/cmtt/m/n on input line 28.
LaTeX Font Info:    Overwriting symbol font `numbers' in version `bold'
(Font)                  OT1/cmss/m/n --> OT1/cmss/bx/n on input line 28.
LaTeX Font Info:    Overwriting symbol font `pureletters' in version `bold'
(Font)                  OT1/cmss/m/it --> OT1/cmss/bx/it on input line 28.
LaTeX Font Info:    Overwriting math alphabet `\mathrm' in version `bold'
(Font)                  OT1/cmss/bx/n --> OT1/cmr/bx/n on input line 28.
LaTeX Font Info:    Overwriting math alphabet `\mathbf' in version `bold'
(Font)                  OT1/cmss/bx/n --> OT1/cmss/bx/n on input line 28.
LaTeX Font Info:    Overwriting math alphabet `\mathsf' in version `bold'
(Font)                  OT1/cmss/m/n --> OT1/cmss/bx/n on input line 28.
LaTeX Font Info:    Overwriting math alphabet `\mathit' in version `bold'
(Font)                  OT1/cmss/m/it --> OT1/cmss/bx/it on input line 28.
LaTeX Font Info:    Overwriting math alphabet `\mathtt' in version `bold'
(Font)                  OT1/cmtt/m/n --> OT1/cmtt/bx/n on input line 28.

(/home/caar/texmf/tex/latex/beamer/base/translator/dicts/translator-basic-dicti
onary/translator-basic-dictionary-English.dict
Dictionary: translator-basic-dictionary, Language: English 
)
(/home/caar/texmf/tex/latex/beamer/base/translator/dicts/translator-bibliograph
y-dictionary/translator-bibliography-dictionary-English.dict
Dictionary: translator-bibliography-dictionary, Language: English 
)
(/home/caar/texmf/tex/latex/beamer/base/translator/dicts/translator-environment
-dictionary/translator-environment-dictionary-English.dict
Dictionary: translator-environment-dictionary, Language: English 
)
(/home/caar/texmf/tex/latex/beamer/base/translator/dicts/translator-months-dict
ionary/translator-months-dictionary-English.dict
Dictionary: translator-months-dictionary, Language: English 
)
(/home/caar/texmf/tex/latex/beamer/base/translator/dicts/translator-numbers-dic
tionary/translator-numbers-dictionary-English.dict
Dictionary: translator-numbers-dictionary, Language: English 
)
(/home/caar/texmf/tex/latex/beamer/base/translator/dicts/translator-theorem-dic
tionary/translator-theorem-dictionary-English.dict
Dictionary: translator-theorem-dictionary, Language: English 
) (./LMBeamerClassExample.nav)

Package hyperref Warning: Option `pdfauthor' has already been used,
(hyperref)                setting the option has no effect on input line 38.


Underfull \hbox (badness 10000) in paragraph at lines 64--64
[]/cmssbx10@14.4pt/The LM Wind Power
 []

LaTeX Font Info:    Try loading font information for U+msa on input line 64.
(/home/caar/texmf/tex/latex/amsfonts/umsa.fd
File: umsa.fd 2009/06/22 v3.00 AMS symbols A
)
LaTeX Font Info:    Try loading font information for U+msb on input line 64.

(/home/caar/texmf/tex/latex/amsfonts/umsb.fd
File: umsb.fd 2009/06/22 v3.00 AMS symbols B
) [1

{/usr/share/texmf/dvips/base/psfonts.map
Warning: pdflatex (file /usr/share/texmf/dvips/base/psfonts.map): invalid entry
 for `pagd8r': font file missing

Warning: pdflatex (file /usr/share/texmf/dvips/base/psfonts.map): invalid entry
 for `pagdo8r': font file missing

Warning: pdflatex (file /usr/share/texmf/dvips/base/psfonts.map): invalid entry
 for `pagk8r': font file missing

Warning: pdflatex (file /usr/share/texmf/dvips/base/psfonts.map): invalid entry
 for `pagko8r': font file missing

Warning: pdflatex (file /usr/share/texmf/dvips/base/psfonts.map): invalid entry
 for `pbkd8r': font file missing

Warning: pdflatex (file /usr/share/texmf/dvips/base/psfonts.map): invalid entry
 for `pbkdi8r': font file missing

Warning: pdflatex (file /usr/share/texmf/dvips/base/psfonts.map): invalid entry
 for `pbkdo8r': font file missing

Warning: pdflatex (file /usr/share/texmf/dvips/base/psfonts.map): invalid entry
 for `pbkl8r': font file missing

Warning: pdflatex (file /usr/share/texmf/dvips/base/psfonts.map): invalid entry
 for `pbkli8r': font file missing

Warning: pdflatex (file /usr/share/texmf/dvips/base/psfonts.map): invalid entry
 for `pbklo8r': font file missing

Warning: pdflatex (file /usr/share/texmf/dvips/base/psfonts.map): invalid entry
 for `pcrr8rn': SlantFont/ExtendFont can be used only with embedded T1 fonts

Warning: pdflatex (file /usr/share/texmf/dvips/base/psfonts.map): invalid entry
 for `phvb8rn': font file missing

Warning: pdflatex (file /usr/share/texmf/dvips/base/psfonts.map): invalid entry
 for `phvb8yn': font file missing

Warning: pdflatex (file /usr/share/texmf/dvips/base/psfonts.map): invalid entry
 for `phvbo8rn': font file missing

Warning: pdflatex (file /usr/share/texmf/dvips/base/psfonts.map): invalid entry
 for `phvbo8yn': font file missing

Warning: pdflatex (file /usr/share/texmf/dvips/base/psfonts.map): invalid entry
 for `phvr8rn': font file missing

Warning: pdflatex (file /usr/share/texmf/dvips/base/psfonts.map): invalid entry
 for `phvr8yn': font file missing

Warning: pdflatex (file /usr/share/texmf/dvips/base/psfonts.map): invalid entry
 for `phvro8rn': font file missing

Warning: pdflatex (file /usr/share/texmf/dvips/base/psfonts.map): invalid entry
 for `phvro8yn': font file missing

Warning: pdflatex (file /usr/share/texmf/dvips/base/psfonts.map): invalid entry
 for `pncb8r': font file missing

Warning: pdflatex (file /usr/share/texmf/dvips/base/psfonts.map): invalid entry
 for `pncbi8r': font file missing

Warning: pdflatex (file /usr/share/texmf/dvips/base/psfonts.map): invalid entry
 for `pncbo8r': font file missing

Warning: pdflatex (file /usr/share/texmf/dvips/base/psfonts.map): invalid entry
 for `pncr8r': font file missing

Warning: pdflatex (file /usr/share/texmf/dvips/base/psfonts.map): invalid entry
 for `pncri8r': font file missing

Warning: pdflatex (file /usr/share/texmf/dvips/base/psfonts.map): invalid entry
 for `pncro8r': font file missing

Warning: pdflatex (file /usr/share/texmf/dvips/base/psfonts.map): invalid entry
 for `pplb8r': font file missing

Warning: pdflatex (file /usr/share/texmf/dvips/base/psfonts.map): invalid entry
 for `pplbi8r': font file missing

Warning: pdflatex (file /usr/share/texmf/dvips/base/psfonts.map): invalid entry
 for `pplbo8r': font file missing

Warning: pdflatex (file /usr/share/texmf/dvips/base/psfonts.map): invalid entry
 for `pplbu8r': font file missing

Warning: pdflatex (file /usr/share/texmf/dvips/base/psfonts.map): invalid entry
 for `pplr8r': font file missing

Warning: pdflatex (file /usr/share/texmf/dvips/base/psfonts.map): invalid entry
 for `pplr8rn': font file missing

Warning: pdflatex (file /usr/share/texmf/dvips/base/psfonts.map): invalid entry
 for `pplri8r': font file missing

Warning: pdflatex (file /usr/share/texmf/dvips/base/psfonts.map): invalid entry
 for `pplro8r': font file missing

Warning: pdflatex (file /usr/share/texmf/dvips/base/psfonts.map): invalid entry
 for `pplrr8re': font file missing

Warning: pdflatex (file /usr/share/texmf/dvips/base/psfonts.map): invalid entry
 for `pplru8r': font file missing

Warning: pdflatex (file /usr/share/texmf/dvips/base/psfonts.map): invalid entry
 for `psyro': SlantFont/ExtendFont can be used only with embedded T1 fonts

Warning: pdflatex (file /usr/share/texmf/dvips/base/psfonts.map): invalid entry
 for `ptmbo8r': SlantFont/ExtendFont can be used only with embedded T1 fonts

Warning: pdflatex (file /usr/share/texmf/dvips/base/psfonts.map): invalid entry
 for `ptmbo8y': SlantFont/ExtendFont can be used only with embedded T1 fonts

Warning: pdflatex (file /usr/share/texmf/dvips/base/psfonts.map): invalid entry
 for `ptmr8rn': SlantFont/ExtendFont can be used only with embedded T1 fonts

Warning: pdflatex (file /usr/share/texmf/dvips/base/psfonts.map): invalid entry
 for `ptmro8r': SlantFont/ExtendFont can be used only with embedded T1 fonts

Warning: pdflatex (file /usr/share/texmf/dvips/base/psfonts.map): invalid entry
 for `ptmro8y': SlantFont/ExtendFont can be used only with embedded T1 fonts

Warning: pdflatex (file /usr/share/texmf/dvips/base/psfonts.map): invalid entry
 for `ptmrr8re': SlantFont/ExtendFont can be used only with embedded T1 fonts

Warning: pdflatex (file /usr/share/texmf/dvips/base/psfonts.map): invalid entry
 for `pzcmi8r': font file missing

Warning: pdflatex (file /usr/share/texmf/dvips/base/psfonts.map): invalid entry
 for `rpagd': font file missing

Warning: pdflatex (file /usr/share/texmf/dvips/base/psfonts.map): invalid entry
 for `rpagdo': font file missing

Warning: pdflatex (file /usr/share/texmf/dvips/base/psfonts.map): invalid entry
 for `rpagk': font file missing

Warning: pdflatex (file /usr/share/texmf/dvips/base/psfonts.map): invalid entry
 for `rpagko': font file missing

Warning: pdflatex (file /usr/share/texmf/dvips/base/psfonts.map): invalid entry
 for `rpbkd': font file missing

Warning: pdflatex (file /usr/share/texmf/dvips/base/psfonts.map): invalid entry
 for `rpbkdi': font file missing

Warning: pdflatex (file /usr/share/texmf/dvips/base/psfonts.map): invalid entry
 for `rpbkl': font file missing

Warning: pdflatex (file /usr/share/texmf/dvips/base/psfonts.map): invalid entry
 for `rpbkli': font file missing

Warning: pdflatex (file /usr/share/texmf/dvips/base/psfonts.map): invalid entry
 for `rphvbon': SlantFont/ExtendFont can be used only with embedded T1 fonts

Warning: pdflatex (file /usr/share/texmf/dvips/base/psfonts.map): invalid entry
 for `rphvbrn': SlantFont/ExtendFont can be used only with embedded T1 fonts

Warning: pdflatex (file /usr/share/texmf/dvips/base/psfonts.map): invalid entry
 for `rphvron': SlantFont/ExtendFont can be used only with embedded T1 fonts

Warning: pdflatex (file /usr/share/texmf/dvips/base/psfonts.map): invalid entry
 for `rphvrrn': SlantFont/ExtendFont can be used only with embedded T1 fonts

Warning: pdflatex (file /usr/share/texmf/dvips/base/psfonts.map): invalid entry
 for `rpncb': font file missing

Warning: pdflatex (file /usr/share/texmf/dvips/base/psfonts.map): invalid entry
 for `rpncbi': font file missing

Warning: pdflatex (file /usr/share/texmf/dvips/base/psfonts.map): invalid entry
 for `rpncr': font file missing

Warning: pdflatex (file /usr/share/texmf/dvips/base/psfonts.map): invalid entry
 for `rpncri': font file missing

Warning: pdflatex (file /usr/share/texmf/dvips/base/psfonts.map): invalid entry
 for `rpplb': font file missing

Warning: pdflatex (file /usr/share/texmf/dvips/base/psfonts.map): invalid entry
 for `rpplbi': font file missing

Warning: pdflatex (file /usr/share/texmf/dvips/base/psfonts.map): invalid entry
 for `rpplbu': font file missing

Warning: pdflatex (file /usr/share/texmf/dvips/base/psfonts.map): invalid entry
 for `rpplr': font file missing

Warning: pdflatex (file /usr/share/texmf/dvips/base/psfonts.map): invalid entry
 for `rpplri': font file missing

Warning: pdflatex (file /usr/share/texmf/dvips/base/psfonts.map): invalid entry
 for `rpplro': font file missing

Warning: pdflatex (file /usr/share/texmf/dvips/base/psfonts.map): invalid entry
 for `rpplrre': font file missing

Warning: pdflatex (file /usr/share/texmf/dvips/base/psfonts.map): invalid entry
 for `rpplrrn': font file missing

Warning: pdflatex (file /usr/share/texmf/dvips/base/psfonts.map): invalid entry
 for `rpplru': font file missing

Warning: pdflatex (file /usr/share/texmf/dvips/base/psfonts.map): invalid entry
 for `rpsyro': SlantFont/ExtendFont can be used only with embedded T1 fonts

Warning: pdflatex (file /usr/share/texmf/dvips/base/psfonts.map): invalid entry
 for `rptmbo': SlantFont/ExtendFont can be used only with embedded T1 fonts

Warning: pdflatex (file /usr/share/texmf/dvips/base/psfonts.map): invalid entry
 for `rptmro': SlantFont/ExtendFont can be used only with embedded T1 fonts

Warning: pdflatex (file /usr/share/texmf/dvips/base/psfonts.map): invalid entry
 for `rptmrre': SlantFont/ExtendFont can be used only with embedded T1 fonts

Warning: pdflatex (file /usr/share/texmf/dvips/base/psfonts.map): invalid entry
 for `rptmrrn': SlantFont/ExtendFont can be used only with embedded T1 fonts

Warning: pdflatex (file /usr/share/texmf/dvips/base/psfonts.map): invalid entry
 for `rpxpplb': font file missing

Warning: pdflatex (file /usr/share/texmf/dvips/base/psfonts.map): invalid entry
 for `rpxpplbi': font file missing

Warning: pdflatex (file /usr/share/texmf/dvips/base/psfonts.map): invalid entry
 for `rpxpplbo': font file missing

Warning: pdflatex (file /usr/share/texmf/dvips/base/psfonts.map): invalid entry
 for `rpxpplr': font file missing

Warning: pdflatex (file /usr/share/texmf/dvips/base/psfonts.map): invalid entry
 for `rpxpplri': font file missing

Warning: pdflatex (file /usr/share/texmf/dvips/base/psfonts.map): invalid entry
 for `rpxpplro': font file missing

Warning: pdflatex (file /usr/share/texmf/dvips/base/psfonts.map): invalid entry
 for `rpzcmi': font file missing

Warning: pdflatex (file /usr/share/texmf/dvips/base/psfonts.map): invalid entry
 for `rtxphvbo': SlantFont/ExtendFont can be used only with embedded T1 fonts

Warning: pdflatex (file /usr/share/texmf/dvips/base/psfonts.map): invalid entry
 for `rtxphvro': SlantFont/ExtendFont can be used only with embedded T1 fonts

Warning: pdflatex (file /usr/share/texmf/dvips/base/psfonts.map): invalid entry
 for `rtxptmbo': SlantFont/ExtendFont can be used only with embedded T1 fonts

Warning: pdflatex (file /usr/share/texmf/dvips/base/psfonts.map): invalid entry
 for `rtxptmro': SlantFont/ExtendFont can be used only with embedded T1 fonts

Warning: pdflatex (file /usr/share/texmf/dvips/base/psfonts.map): invalid entry
 for `tibo': SlantFont/ExtendFont can be used only with embedded T1 fonts

Warning: pdflatex (file /usr/share/texmf/dvips/base/psfonts.map): invalid entry
 for `tio': SlantFont/ExtendFont can be used only with embedded T1 fonts

Warning: pdflatex (file /usr/share/texmf/dvips/base/psfonts.map): invalid entry
 for `tmbo108r': SlantFont/ExtendFont can be used only with embedded T1 fonts

Warning: pdflatex (file /usr/share/texmf/dvips/base/psfonts.map): invalid entry
 for `tmbu108r': SlantFont/ExtendFont can be used only with embedded T1 fonts

Warning: pdflatex (file /usr/share/texmf/dvips/base/psfonts.map): invalid entry
 for `tmro108r': SlantFont/ExtendFont can be used only with embedded T1 fonts

Warning: pdflatex (file /usr/share/texmf/dvips/base/psfonts.map): invalid entry
 for `tmui108r': SlantFont/ExtendFont can be used only with embedded T1 fonts
} <./LMTitlePageSide.png> <./LMBlades.png>] (./LMBeamerClassExample.toc)
Underfull \hbox (badness 10000) in paragraph at lines 67--67

 []

<LMBlades.png, id=72, 803.0pt x 258.9675pt>
File: LMBlades.png Graphic file (type png)
 <use LMBlades.png>

LaTeX Font Warning: Font shape `OT1/cmss/m/n' in size <4> not available
(Font)              size <5> substituted on input line 67.

[2

 <./LMSlideSide.png> <./LMBlades.png>]
Underfull \hbox (badness 10000) in paragraph at lines 78--78

 []

File: LMBlades.png Graphic file (type png)
<use LMBlades.png> [3

]
LaTeX Font Info:    Try loading font information for OMS+cmss on input line 97.

LaTeX Font Info:    No file OMScmss.fd. on input line 97.


LaTeX Font Warning: Font shape `OMS/cmss/m/n' undefined
(Font)              using `OMS/cmsy/m/n' instead
(Font)              for symbol `textbullet' on input line 97.


Underfull \hbox (badness 10000) in paragraph at lines 97--97

 []

File: LMBlades.png Graphic file (type png)
<use LMBlades.png> [4

]
Underfull \hbox (badness 10000) in paragraph at lines 113--113

 []

File: LMBlades.png Graphic file (type png)
<use LMBlades.png> [5

]
Underfull \hbox (badness 10000) in paragraph at lines 123--123

 []

File: LMBlades.png Graphic file (type png)
<use LMBlades.png> [6

]
Underfull \hbox (badness 10000) in paragraph at lines 128--128

 []

File: LMBlades.png Graphic file (type png)
<use LMBlades.png> [7

]
LaTeX Font Info:    Try loading font information for OMS+cmtt on input line 143
.
LaTeX Font Info:    No file OMScmtt.fd. on input line 143.


LaTeX Font Warning: Font shape `OMS/cmtt/m/n' undefined
(Font)              using `OMS/cmsy/m/n' instead
(Font)              for symbol `textbraceleft' on input line 143.


Underfull \hbox (badness 10000) in paragraph at lines 143--143

 []

File: LMBlades.png Graphic file (type png)
<use LMBlades.png> [8

]
Underfull \hbox (badness 10000) in paragraph at lines 143--143

 []

File: LMBlades.png Graphic file (type png)
<use LMBlades.png> [9

]
Underfull \hbox (badness 10000) in paragraph at lines 143--143

 []

File: LMBlades.png Graphic file (type png)
<use LMBlades.png> [10

]
Underfull \hbox (badness 10000) in paragraph at lines 143--143

 []

File: LMBlades.png Graphic file (type png)
<use LMBlades.png> [11

]
Underfull \hbox (badness 10000) in paragraph at lines 161--161

 []

File: LMBlades.png Graphic file (type png)
<use LMBlades.png> [12

]
Underfull \hbox (badness 10000) in paragraph at lines 172--172

 []

File: LMBlades.png Graphic file (type png)
<use LMBlades.png> [13

]
Underfull \hbox (badness 10000) in paragraph at lines 172--172

 []

File: LMBlades.png Graphic file (type png)
<use LMBlades.png> [14

]
File: LMBlades.png Graphic file (type png)
 <use LMBlades.png>
Underfull \hbox (badness 10000) in paragraph at lines 186--186

 []

File: LMBlades.png Graphic file (type png)
<use LMBlades.png> [15

]
Underfull \hbox (badness 10000) in paragraph at lines 206--206

 []

File: LMBlades.png Graphic file (type png)
<use LMBlades.png> [16

]
Underfull \hbox (badness 10000) in paragraph at lines 226--226

 []

File: LMBlades.png Graphic file (type png)
<use LMBlades.png> [17

]
Underfull \hbox (badness 10000) in paragraph at lines 232--232

 []

File: LMBlades.png Graphic file (type png)
<use LMBlades.png> [18

]
Underfull \hbox (badness 10000) in paragraph at lines 242--242

 []

File: LMBlades.png Graphic file (type png)
<use LMBlades.png> [19

]
Underfull \hbox (badness 10000) in paragraph at lines 250--250

 []

File: LMBlades.png Graphic file (type png)
<use LMBlades.png> [20

]
Underfull \hbox (badness 10000) in paragraph at lines 264--264

 []

File: LMBlades.png Graphic file (type png)
<use LMBlades.png> [21

]
Overfull \hbox (22.76186pt too wide) in paragraph at lines 272--272
[]|[]| 
 []


Overfull \hbox (22.76186pt too wide) in paragraph at lines 272--272
[]|[]| 
 []


Overfull \hbox (2.36713pt too wide) in paragraph at lines 272--272
[]|/cmss8/Tel| 
 []


Overfull \hbox (22.76186pt too wide) in paragraph at lines 272--272
[]|[]| 
 []


Overfull \hbox (22.76186pt too wide) in paragraph at lines 272--272
[]|[]| 
 []


Underfull \hbox (badness 10000) in paragraph at lines 272--272

 []

File: LMBlades.png Graphic file (type png)
<use LMBlades.png> [22

]
\tf@nav=\write7
\openout7 = `LMBeamerClassExample.nav'.

\tf@toc=\write8
\openout8 = `LMBeamerClassExample.toc'.

\tf@snm=\write9
\openout9 = `LMBeamerClassExample.snm'.

Package atveryend Info: Empty hook `BeforeClearDocument' on input line 274.
Package atveryend Info: Empty hook `AfterLastShipout' on input line 274.
 (./LMBeamerClassExample.aux)
Package atveryend Info: Executing hook `AtVeryEndDocument' on input line 274.


LaTeX Font Warning: Size substitutions with differences
(Font)              up to 1.0pt have occurred.


LaTeX Font Warning: Some font shapes were not available, defaults substituted.

 ) 
Here is how much of TeX's memory you used:
 19200 strings out of 95437
 379227 string characters out of 1188002
 408079 words of memory out of 1000001
 21666 multiletter control sequences out of 10000+50000
 18488 words of font info for 69 fonts, out of 500000 for 1000
 14 hyphenation exceptions out of 1000
 55i,21n,60p,473b,1008s stack positions out of 1500i,500n,5000p,200000b,5000s
 245 PDF objects out of 300000
 63 named destinations out of 131072
 124 words of extra memory for PDF output out of 65536
{/usr/share/texmf/dvips/tetex/09fbbfac.enc}</usr/share/texmf/fonts/type1/blue
sky/cm/cmtt8.pfb>{/usr/share/texmf/dvips/tetex/f7b6d320.enc}</usr/share/texmf/f
onts/type1/bluesky/cm/cmssi10.pfb></usr/share/texmf/fonts/type1/bluesky/cm/cmex
10.pfb>{/usr/share/texmf/dvips/tetex/aae443f0.enc}</usr/share/texmf/fonts/type1
/bluesky/cm/cmmi10.pfb></usr/share/texmf/fonts/type1/bluesky/cm/cmss12.pfb>{/us
r/share/texmf/dvips/tetex/bbad153f.enc}</usr/share/texmf/fonts/type1/bluesky/cm
/cmsy9.pfb></usr/share/texmf/fonts/type1/bluesky/cm/cmsy10.pfb></usr/share/texm
f/fonts/type1/bluesky/cm/cmtt10.pfb></usr/share/texmf/fonts/type1/bluesky/cm/cm
ss8.pfb></usr/share/texmf/fonts/type1/bluesky/cm/cmss10.pfb></usr/share/texmf/f
onts/type1/bluesky/cm/cmssbx10.pfb>
Output written on LMBeamerClassExample.pdf (22 pages, 164262 bytes).
