mktextfm rm-lmss10
mktextfm rm-lmss8
mktextfm rm-lmss12
mktextfm rm-lmssbx10
mktextfm rm-lmss8
mktextfm lmmi10
mktextfm lmmi8
mktextfm lmmi6
mktextfm lmsy10
mktextfm lmsy8
mktextfm lmsy6
mktextfm lmex10
mktextfm lmex10
mktextfm lmex10
mktextfm rm-lmsso10
mktextfm nullfont
mktextfm rm-lmsso8
mktextfm nullfont
mktextfm rm-lmsso8
mktextfm nullfont
mktextfm lmmi12
mktextfm lmmi10
mktextfm lmmi7
mktextfm lmsy10
mktextfm lmsy10
mktextfm lmsy7
mktextfm lmex10
mktextfm lmex10
mktextfm lmex10
mktextfm rm-lmss10
mktextfm rm-lmss8
mktextfm rm-lmsso12
mktextfm nullfont
mktextfm rm-lmsso10
mktextfm nullfont
mktextfm rm-lmsso8
mktextfm nullfont
mktextfm rm-lmss8
mktextfm rm-lmtt10
mktextfm rm-lmss9
mktextfm rm-lmssbx10
mktextfm rm-lmssbx10
mktextfm rm-lmssbx10
mktextfm rm-lmss12
mktextfm rm-lmssbx10
mktextfm rm-lmssbx10
mktextfm lmmi5
mktextfm lmsy5
mktextfm lmex10
mktextfm rm-lmssbx10
mktextfm rm-lmss8
mktextfm rm-lmsso8
mktextfm nullfont
mktextfm rm-lmtt8
